<!-- BEGIN RBP GENERATED: storefront-builder-m3-v1-0 -->
2025-09-22: Added M3 features: server-side saved builds via app proxy (file-backed), inline video tips per step, compare presets, theme wiring, and M3 preflight. All fetches under /apps/proxy.
<!-- END RBP GENERATED: storefront-builder-m3-v1-0 -->
<!-- BEGIN RBP GENERATED: storefront-builder-m2-v1-0 -->
2025-09-23: Added M2 client modules (RecentlyViewed, PriceLadder, WeightEstimator), optional gateway upsell route, theme SEO section, wired light integrations into builder.js, and added preflight:storefront-builder-m2.
<!-- END RBP GENERATED: storefront-builder-m2-v1-0 -->
RBP_PROGRESS: { "date": "${new Date().toISOString().slice(0,10)}", "feature": "Clean JSON Sentinels + Storybook Pin Fix v1.0", "change": "MODIFY", "sentinel": "pkg-json-sentinel-clean-v1-0", "apps": [], "files": [], "preflight": "PASS", "notes": "Removed sentinel strings from JSON, pinned Storybook 8.6.14, added no-json-sentinels preflight; pnpm install and Fly build succeed." }
RBP_PROGRESS: {"date":"2025-08-25T13:56:00.000Z","feature":"Progress Ledger v1","change":"ADD","sentinel":"rbp-progress-ledger-v1","apps":["scripts","docs"],"files":["scripts/progress/*","docs/progress/*","package.json"],"tests":"N/A","preflight":"PASS","notes":"Initial audit + ledger"}
RBP_PROGRESS: {"date":"2025-08-25","feature":"Admin Preflight Runner v1","change":"ADD","sentinel":"admin-preflight-runner-v1","apps":["shopify"],"files":["scripts/preflight/admin-all.ts","scripts/preflight/utils/sleep.ts","package.json"],"tests":"PASS","preflight":"PASS","notes":"Deterministic sequential runner; embedded smoke optional via DEV_EMBED_BASE_URL."}
RBP_PROGRESS: {"date":"2025-08-25","feature":"Admin Links Hardening v1","change":"ADD","sentinel":"admin-links-hardening-v1","apps":["shopify"],"files":["scripts/migrate/admin-links.wrap.ts","scripts/preflight/admin-links.scan.ts","src/apps/rbp-shopify-app/rod-builder-pro/app/components/HostLink.tsx","src/apps/rbp-shopify-app/rod-builder-pro/app/root.tsx","package.json"],"tests":"PASS","preflight":"PASS","notes":"Codemod wrapped Links/Navigate; externals marked; embedded nav preserved."}
RBP_PROGRESS: { "date": "2025-09-20", "feature": "Docker devDeps in build stage (Remix CLI)", "change": "MODIFY", "sentinel": "gateway-docker-devdeps-fix-v1-0", "apps": ["gateway"], "preflight": "PASS", "notes": "Build installs dev deps (remix CLI) with --prod=false; runtime stays production; /healthz=200." }
RBP_PROGRESS: {"date":"2025-08-25T00:00:00.000Z","feature":"AccessV2 — Tests v1","change":"ADD","sentinel":"accessv2-tests-v1","apps":["gateway","shopify","scripts"],"files":["src/apps/gateway/api-gateway/app/proxy/__tests__/access.server.test.ts","src/apps/gateway/api-gateway/app/proxy/__tests__/requireAccess.server.test.ts","src/apps/gateway/api-gateway/app/routes/__tests__/apps.rbp.api.access.ctx.test.ts","src/apps/rbp-shopify-app/rod-builder-pro/app/routes/__tests__/apps.proxy.api.access.ctx.test.ts"],"tests":"PASS","preflight":"N/A","notes":"Happy+edge coverage for AccessV2 helpers and ctx routes; no network."}
<!-- BEGIN RBP GENERATED: tenant-dashboard-wiring-v1-0 -->
RBP_PROGRESS: { "date": "2025-09-22", "feature": "Tenant Feature Inventory + Admin Dashboard Wiring v1.0", "change": "ADD", "sentinel": "tenant-dashboard-wiring-v1-0", "apps": ["rbp-shopify-app (embedded)"], "files": ["docs/progress/inventory/tenant-app.json","app/routes/app._index.tsx","scripts/preflight/tenant-dashboard-wiring.mjs"], "tests": "N/A", "preflight": "PASS", "notes": "Inventory written; embedded Dashboard surfaces proxy, registry, catalog, builds, settings, doctor." }
<!-- END RBP GENERATED: tenant-dashboard-wiring-v1-0 -->
<!-- BEGIN RBP GENERATED: storefront-builder-m0-v1-0 -->
RBP_PROGRESS: { "date": "2025-09-22", "feature": "Storefront Builder M0 v1.0", "change": "ADD", "sentinel": "storefront-builder-m0-v1-0", "apps": ["theme-extension","gateway","rbp-shell"], "files": ["assets","block","gateway routes","preflight"], "tests": "N/A", "preflight": "PASS", "notes": "Blank and Reel Seat steps, Review, bundle add to cart." }
<!-- END RBP GENERATED: storefront-builder-m0-v1-0 -->
<!-- BEGIN RBP GENERATED: storefront-builder-m1-v1-0 -->
RBP_PROGRESS: { "date": "2025-09-22", "feature": "Storefront Builder M1 v1.0", "change": "ADD", "sentinel": "storefront-builder-m1-v1-0", "apps": ["theme-extension","gateway","rbp-shell"], "files": ["builder steps+rail+codec","optional guides-sets route","preflight"], "tests": "N/A", "preflight": "PASS", "notes": "Full stepper, live compat, Saved Builds rail, shareable URLs; 1-line bundle cart." }
<!-- END RBP GENERATED: storefront-builder-m1-v1-0 -->

RBP_PROGRESS: { "date": "2025-09-22", "feature": "ADR — Server-side Saved Builds v1", "change": "ADD", "sentinel": "server-side-saved-builds-v1-0", "apps": ["docs"], "files": ["docs/adr/2025-09-22-server-side-saved-builds-v1.md"], "tests": "N/A", "preflight": "N/A", "notes": "Define interim file-backed saved builds via App Proxy; flags and limits set; migration path to HQ." }
